c:\users\danny\desktop\c++ass\realassignmentcplus\assignment\c++ass\c++ass\debug\c++ass.pch
c:\users\danny\desktop\c++ass\realassignmentcplus\assignment\c++ass\c++ass\debug\vc141.pdb
c:\users\danny\desktop\c++ass\realassignmentcplus\assignment\c++ass\c++ass\debug\vc141.idb
c:\users\danny\desktop\c++ass\realassignmentcplus\assignment\c++ass\c++ass\debug\stdafx.obj
c:\users\danny\desktop\c++ass\realassignmentcplus\assignment\c++ass\c++ass\debug\c++ass.obj
c:\users\danny\desktop\c++ass\realassignmentcplus\assignment\c++ass\c++ass\debug\defs.obj
c:\users\danny\desktop\c++ass\realassignmentcplus\assignment\c++ass\c++ass\debug\c++ass.obj.enc
c:\users\danny\desktop\c++ass\realassignmentcplus\assignment\c++ass\c++ass\debug\defs.obj.enc
c:\users\danny\desktop\c++ass\realassignmentcplus\assignment\c++ass\debug\c++ass.pdb
c:\users\danny\desktop\c++ass\realassignmentcplus\assignment\c++ass\c++ass\debug\c++ass.tlog\cl.command.1.tlog
c:\users\danny\desktop\c++ass\realassignmentcplus\assignment\c++ass\c++ass\debug\c++ass.tlog\cl.read.1.tlog
c:\users\danny\desktop\c++ass\realassignmentcplus\assignment\c++ass\c++ass\debug\c++ass.tlog\cl.write.1.tlog
c:\users\danny\desktop\c++ass\realassignmentcplus\assignment\c++ass\c++ass\debug\c++ass.tlog\link.15508-cvtres.read.1.tlog
c:\users\danny\desktop\c++ass\realassignmentcplus\assignment\c++ass\c++ass\debug\c++ass.tlog\link.15508-cvtres.write.1.tlog
c:\users\danny\desktop\c++ass\realassignmentcplus\assignment\c++ass\c++ass\debug\c++ass.tlog\link.15508-rc.read.1.tlog
c:\users\danny\desktop\c++ass\realassignmentcplus\assignment\c++ass\c++ass\debug\c++ass.tlog\link.15508-rc.write.1.tlog
c:\users\danny\desktop\c++ass\realassignmentcplus\assignment\c++ass\c++ass\debug\c++ass.tlog\link.15508.read.1.tlog
c:\users\danny\desktop\c++ass\realassignmentcplus\assignment\c++ass\c++ass\debug\c++ass.tlog\link.15508.write.1.tlog
c:\users\danny\desktop\c++ass\realassignmentcplus\assignment\c++ass\c++ass\debug\c++ass.tlog\link.command.1.tlog
c:\users\danny\desktop\c++ass\realassignmentcplus\assignment\c++ass\c++ass\debug\c++ass.tlog\link.read.1.tlog
c:\users\danny\desktop\c++ass\realassignmentcplus\assignment\c++ass\c++ass\debug\c++ass.tlog\link.write.1.tlog
